[24Oct2024 00:00:42.089] [Server thread/WARN] [net.minecraft.server.network.ServerGamePacketListenerImpl/]: Seta33 moved wrongly!
[24Oct2024 00:00:55.073] [Server thread/WARN] [net.minecraft.server.MinecraftServer/]: Can't keep up! Is the server overloaded? Running 2008ms or 40 ticks behind
[24Oct2024 00:01:12.103] [Server thread/WARN] [net.minecraft.server.MinecraftServer/]: Can't keep up! Is the server overloaded? Running 2039ms or 40 ticks behind
[24Oct2024 00:01:51.864] [Server thread/WARN] [net.minecraft.server.MinecraftServer/]: Can't keep up! Is the server overloaded? Running 2300ms or 46 ticks behind
[24Oct2024 00:02:59.913] [Server thread/WARN] [net.minecraft.world.level.chunk.LevelChunk/]: Tried to load a DUMMY block entity @ BlockPos{x=-1453, y=63, z=-1802} but found not block entity block Block{minecraft:air} at location
[24Oct2024 00:02:59.914] [Server thread/WARN] [net.minecraft.world.level.chunk.LevelChunk/]: Tried to load a block entity for block Block{minecraft:air} but failed at location BlockPos{x=-1453, y=63, z=-1802}
[24Oct2024 00:03:01.776] [Server thread/WARN] [net.minecraft.server.network.ServerGamePacketListenerImpl/]: Seta33 moved wrongly!
[24Oct2024 00:03:58.589] [Server thread/WARN] [net.minecraft.world.level.chunk.LevelChunk/]: Tried to load a DUMMY block entity @ BlockPos{x=-1657, y=68, z=-1717} but found not block entity block Block{minecraft:air} at location
[24Oct2024 00:03:58.590] [Server thread/WARN] [net.minecraft.world.level.chunk.LevelChunk/]: Tried to load a block entity for block Block{minecraft:air} but failed at location BlockPos{x=-1657, y=68, z=-1717}
[24Oct2024 00:07:34.799] [Server thread/WARN] [net.minecraft.server.network.ServerGamePacketListenerImpl/]: Biplane (vehicle of Seta33) moved too quickly! -7.630411108447788,0.7705614336483109,-7.256794961220976
[24Oct2024 00:07:34.801] [Server thread/WARN] [net.minecraft.server.network.ServerGamePacketListenerImpl/]: Biplane (vehicle of Seta33) moved too quickly! -8.080240809071256,0.8117866346414928,-7.67774705812576
[24Oct2024 00:07:34.802] [Server thread/WARN] [net.minecraft.server.network.ServerGamePacketListenerImpl/]: Biplane (vehicle of Seta33) moved too quickly! -8.529894811252234,0.8526589978024504,-8.098551401950317
[24Oct2024 00:07:34.802] [Server thread/WARN] [net.minecraft.server.network.ServerGamePacketListenerImpl/]: Biplane (vehicle of Seta33) moved too quickly! -8.979329038101696,0.8931980586546331,-8.51928184761232
[24Oct2024 00:07:34.803] [Server thread/WARN] [net.minecraft.server.network.ServerGamePacketListenerImpl/]: Biplane (vehicle of Seta33) moved too quickly! -9.428501611180764,0.9334205823326158,-8.940007227796968
[24Oct2024 00:07:34.803] [Server thread/WARN] [net.minecraft.server.network.ServerGamePacketListenerImpl/]: Biplane (vehicle of Seta33) moved too quickly! -9.877374279179094,0.9733401059048106,-9.360791586095502
[24Oct2024 00:07:34.804] [Server thread/WARN] [net.minecraft.server.network.ServerGamePacketListenerImpl/]: Biplane (vehicle of Seta33) moved too quickly! -10.32591247837945,1.0129663004732663,-9.781693274835334
[24Oct2024 00:07:34.817] [Server thread/WARN] [net.minecraft.server.network.ServerGamePacketListenerImpl/]: Biplane (vehicle of Seta33) moved too quickly! -10.774085810410497,1.0523045592638312,-10.202764757033947
[24Oct2024 00:07:34.819] [Server thread/WARN] [net.minecraft.server.network.ServerGamePacketListenerImpl/]: Biplane (vehicle of Seta33) moved too quickly! -11.221868729643347,1.0913557222292525,-10.624052585064874
[24Oct2024 00:07:34.820] [Server thread/WARN] [net.minecraft.server.network.ServerGamePacketListenerImpl/]: Biplane (vehicle of Seta33) moved too quickly! -11.669240715478963,1.1301158586723261,-11.04559723968191
[24Oct2024 00:07:34.822] [Server thread/WARN] [net.minecraft.server.network.ServerGamePacketListenerImpl/]: Biplane (vehicle of Seta33) moved too quickly! -12.11618655293887,1.1685761888039963,-11.46743316384186
[24Oct2024 00:07:34.823] [Server thread/WARN] [net.minecraft.server.network.ServerGamePacketListenerImpl/]: Biplane (vehicle of Seta33) moved too quickly! -12.562697067078943,1.2067232823075074,-11.889589494025131
[24Oct2024 00:07:34.825] [Server thread/WARN] [net.minecraft.server.network.ServerGamePacketListenerImpl/]: Biplane (vehicle of Seta33) moved too quickly! -13.008768104376259,1.2445390117791817,-12.312089289459664
[24Oct2024 00:07:34.826] [Server thread/WARN] [net.minecraft.server.network.ServerGamePacketListenerImpl/]: Biplane (vehicle of Seta33) moved too quickly! -13.454401490325381,1.2820010219548124,-12.734950688473191
[24Oct2024 00:07:34.827] [Server thread/WARN] [net.minecraft.server.network.ServerGamePacketListenerImpl/]: Biplane (vehicle of Seta33) moved too quickly! -13.899604485601003,1.3190830840945296,-13.158187009760013
[24Oct2024 00:07:34.827] [Server thread/WARN] [net.minecraft.server.network.ServerGamePacketListenerImpl/]: Biplane (vehicle of Seta33) moved too quickly! -14.34439028669567,1.3557557856827032,-13.581807941993475
[24Oct2024 00:07:34.828] [Server thread/WARN] [net.minecraft.server.network.ServerGamePacketListenerImpl/]: Biplane (vehicle of Seta33) moved too quickly! -14.788776676713724,1.391986924219907,-14.005819063378794
[24Oct2024 00:07:34.828] [Server thread/WARN] [net.minecraft.server.network.ServerGamePacketListenerImpl/]: Biplane (vehicle of Seta33) moved too quickly! -15.232786054995813,1.4277422960629167,-14.430222942148248
[24Oct2024 00:07:34.828] [Server thread/WARN] [net.minecraft.server.network.ServerGamePacketListenerImpl/]: Biplane (vehicle of Seta33) moved too quickly! -15.676445520521838,1.4629865932707844,-14.855020232679635
[24Oct2024 00:07:34.829] [Server thread/WARN] [net.minecraft.server.network.ServerGamePacketListenerImpl/]: Irregular24 moved too quickly! -9.436365993720642,-14.49989604919142,-3.387705755439356
[24Oct2024 00:07:34.829] [Server thread/WARN] [net.minecraft.server.network.ServerGamePacketListenerImpl/]: Biplane (vehicle of Seta33) moved too quickly! -16.119785462757818,1.4976840827228273,-15.280209628004286
[24Oct2024 00:07:34.829] [Server thread/WARN] [net.minecraft.server.network.ServerGamePacketListenerImpl/]: Biplane (vehicle of Seta33) moved too quickly! -16.562839597825587,1.5317995974608891,-15.705789119965402
[24Oct2024 00:07:34.830] [Server thread/WARN] [net.minecraft.server.network.ServerGamePacketListenerImpl/]: Biplane (vehicle of Seta33) moved too quickly! -17.005643954820016,1.5652993856790545,-16.13175645702131
[24Oct2024 00:07:34.830] [Server thread/WARN] [net.minecraft.server.network.ServerGamePacketListenerImpl/]: Biplane (vehicle of Seta33) moved too quickly! -17.448235846188027,1.5981519385578054,-16.558109484912848
[24Oct2024 00:07:34.830] [Server thread/WARN] [net.minecraft.server.network.ServerGamePacketListenerImpl/]: Biplane (vehicle of Seta33) moved too quickly! -17.89065421694022,1.6303291176619723,-16.984847792237588
[24Oct2024 00:07:34.830] [Server thread/WARN] [net.minecraft.server.network.ServerGamePacketListenerImpl/]: Biplane (vehicle of Seta33) moved too quickly! -18.33293789343361,1.6618068331750635,-17.41197245848184
[24Oct2024 00:07:34.836] [Server thread/WARN] [net.minecraft.server.MinecraftServer/]: Can't keep up! Is the server overloaded? Running 2021ms or 40 ticks behind
[24Oct2024 00:07:34.859] [Server thread/WARN] [net.minecraft.server.network.ServerGamePacketListenerImpl/]: Biplane (vehicle of Seta33) moved too quickly! -11.594673183940813,0.9636040251111524,-11.003869638549077
[24Oct2024 00:07:34.885] [Server thread/WARN] [net.minecraft.server.network.ServerGamePacketListenerImpl/]: Biplane (vehicle of Seta33) moved too quickly! -12.036800746811423,0.9936310289546952,-11.431780012260788
[24Oct2024 00:07:34.951] [Server thread/WARN] [net.minecraft.server.network.ServerGamePacketListenerImpl/]: Biplane (vehicle of Seta33) moved too quickly! -12.478903498401678,1.022918839077704,-11.860095850688367
[24Oct2024 00:07:37.386] [Worker-Main-24/ERROR] [net.minecraft.world.entity.decoration.HangingEntity/]: Hanging entity at invalid position: BlockPos{x=66, y=-53, z=10}
[24Oct2024 00:08:11.159] [Worker-Main-23/ERROR] [net.minecraft.world.entity.decoration.HangingEntity/]: Hanging entity at invalid position: BlockPos{x=88, y=-56, z=10}
[24Oct2024 00:08:22.072] [Server thread/WARN] [net.minecraft.world.level.chunk.LevelChunk/]: Tried to load a DUMMY block entity @ BlockPos{x=-1865, y=71, z=-1713} but found not block entity block Block{treasure2:witherwood_log}[axis=y] at location
[24Oct2024 00:08:22.074] [Server thread/WARN] [net.minecraft.world.level.chunk.LevelChunk/]: Tried to load a block entity for block Block{treasure2:witherwood_log}[axis=y] but failed at location BlockPos{x=-1865, y=71, z=-1713}
[24Oct2024 00:08:28.482] [Server thread/WARN] [net.minecraft.server.network.ServerGamePacketListenerImpl/]: Biplane (vehicle of Seta33) moved too quickly! -10.275152257023365,-2.0113817088817996,-0.3603622961259134
[24Oct2024 00:08:28.485] [Server thread/WARN] [net.minecraft.server.network.ServerGamePacketListenerImpl/]: Biplane (vehicle of Seta33) moved too quickly! -11.068818324848962,-2.1593503190952816,-0.3862597483207537
[24Oct2024 00:08:28.485] [Server thread/WARN] [net.minecraft.server.network.ServerGamePacketListenerImpl/]: Biplane (vehicle of Seta33) moved too quickly! -11.86250680722037,-2.3066222053313936,-0.41166883096593665
[24Oct2024 00:08:28.486] [Server thread/WARN] [net.minecraft.server.network.ServerGamePacketListenerImpl/]: Biplane (vehicle of Seta33) moved too quickly! -12.65613819934265,-2.453293945496057,-0.43657689989822757
[24Oct2024 00:08:28.487] [Server thread/WARN] [net.minecraft.server.network.ServerGamePacketListenerImpl/]: Biplane (vehicle of Seta33) moved too quickly! -13.449639255007469,-2.5994635362117293,-0.46098300406401904
[24Oct2024 00:08:28.487] [Server thread/WARN] [net.minecraft.server.network.ServerGamePacketListenerImpl/]: Biplane (vehicle of Seta33) moved too quickly! -14.24294360298859,-2.7452296828469542,-0.4848983500066879
[24Oct2024 00:08:28.488] [Server thread/WARN] [net.minecraft.server.network.ServerGamePacketListenerImpl/]: Biplane (vehicle of Seta33) moved too quickly! -15.035992126184055,-2.8906907600514984,-0.5083465754898953
[24Oct2024 00:08:28.489] [Server thread/WARN] [net.minecraft.server.network.ServerGamePacketListenerImpl/]: Biplane (vehicle of Seta33) moved too quickly! -15.82873380821411,-3.0359436872353456,-0.5313637679521435
[24Oct2024 00:08:28.489] [Server thread/WARN] [net.minecraft.server.network.ServerGamePacketListenerImpl/]: Biplane (vehicle of Seta33) moved too quickly! -16.621126291729297,-3.181100102760041,-0.5539983137700801
[24Oct2024 00:08:28.490] [Server thread/WARN] [net.minecraft.server.network.ServerGamePacketListenerImpl/]: Biplane (vehicle of Seta33) moved too quickly! -17.413137601761036,-3.3262905062210706,-0.576310482934332
[24Oct2024 00:08:28.490] [Server thread/WARN] [net.minecraft.server.network.ServerGamePacketListenerImpl/]: Irregular24 moved too quickly! 16.12556814951313,-4.461321771744039,-5.217015263351186
[24Oct2024 00:08:28.491] [Server thread/WARN] [net.minecraft.server.network.ServerGamePacketListenerImpl/]: Biplane (vehicle of Seta33) moved too quickly! -18.204747447464797,-3.4716365132734097,-0.5983718627455801
[24Oct2024 00:08:28.491] [Server thread/WARN] [net.minecraft.server.network.ServerGamePacketListenerImpl/]: Biplane (vehicle of Seta33) moved too quickly! -18.995947043921205,-3.617248799450138,-0.6202645479909279
[24Oct2024 00:08:28.491] [Server thread/WARN] [net.minecraft.server.network.ServerGamePacketListenerImpl/]: Biplane (vehicle of Seta33) moved too quickly! -19.786739301524676,-3.7632252377907065,-0.6420801336887507
[24Oct2024 00:08:28.492] [Server thread/WARN] [net.minecraft.server.network.ServerGamePacketListenerImpl/]: Biplane (vehicle of Seta33) moved too quickly! -20.577137564256418,-3.90964905684487,-0.6639184552332154
[24Oct2024 00:08:28.492] [Server thread/WARN] [net.minecraft.server.network.ServerGamePacketListenerImpl/]: Biplane (vehicle of Seta33) moved too quickly! -21.367165167102485,-4.056587397859872,-0.6858862971796498
[24Oct2024 00:08:28.493] [Server thread/WARN] [net.minecraft.server.network.ServerGamePacketListenerImpl/]: Biplane (vehicle of Seta33) moved too quickly! -22.156854818934562,-4.204090108165175,-0.7080959010716015
[24Oct2024 00:08:28.493] [Server thread/WARN] [net.minecraft.server.network.ServerGamePacketListenerImpl/]: Biplane (vehicle of Seta33) moved too quickly! -22.94624756244525,-4.352188782634116,-0.7306633793612036
[24Oct2024 00:08:28.493] [Server thread/WARN] [net.minecraft.server.network.ServerGamePacketListenerImpl/]: Biplane (vehicle of Seta33) moved too quickly! -23.735391245895244,-4.500896062251584,-0.7537070483106163
[24Oct2024 00:08:28.494] [Server thread/WARN] [net.minecraft.server.network.ServerGamePacketListenerImpl/]: Biplane (vehicle of Seta33) moved too quickly! -24.52433995429419,-4.650205419967335,-0.777345745335424
[24Oct2024 00:08:28.494] [Server thread/WARN] [net.minecraft.server.network.ServerGamePacketListenerImpl/]: Biplane (vehicle of Seta33) moved too quickly! -25.313152056462968,-4.800091041140362,-0.8016970159992525
[24Oct2024 00:08:28.495] [Server thread/WARN] [net.minecraft.server.network.ServerGamePacketListenerImpl/]: Biplane (vehicle of Seta33) moved too quickly! -26.101889501208234,-4.950508245195721,-0.8268754205676032
[24Oct2024 00:08:28.495] [Server thread/WARN] [net.minecraft.server.network.ServerGamePacketListenerImpl/]: Biplane (vehicle of Seta33) moved too quickly! -26.890616053186477,-5.101394037167751,-0.8529907287911556
[24Oct2024 00:08:28.499] [Server thread/WARN] [net.minecraft.server.network.ServerGamePacketListenerImpl/]: Biplane (vehicle of Seta33) moved too quickly! -27.679396263363515,-5.252668079949316,-0.8801462203925894
[24Oct2024 00:08:28.500] [Server thread/WARN] [net.minecraft.server.network.ServerGamePacketListenerImpl/]: Biplane (vehicle of Seta33) moved too quickly! -28.468293765126873,-5.404233824916162,-0.908437135611166
[24Oct2024 00:08:28.500] [Server thread/WARN] [net.minecraft.server.network.ServerGamePacketListenerImpl/]: Biplane (vehicle of Seta33) moved too quickly! -29.25737005080464,-5.555980002690916,-0.9379490811461437
[24Oct2024 00:08:28.503] [Server thread/WARN] [net.minecraft.server.network.ServerGamePacketListenerImpl/]: Biplane (vehicle of Seta33) moved too quickly! -30.04668336712143,-5.707782328186767,-0.9687566372354013
[24Oct2024 00:08:28.535] [Server thread/WARN] [net.minecraft.server.MinecraftServer/]: Can't keep up! Is the server overloaded? Running 15070ms or 301 ticks behind
[24Oct2024 00:08:42.684] [Server thread/WARN] [net.minecraft.server.network.ServerGamePacketListenerImpl/]: Seta33 moved wrongly!
[24Oct2024 00:09:02.596] [Server thread/WARN] [net.minecraft.server.MinecraftServer/]: Can't keep up! Is the server overloaded? Running 2431ms or 48 ticks behind
[24Oct2024 00:09:02.628] [Server thread/WARN] [net.minecraft.server.network.ServerGamePacketListenerImpl/]: Irregular24 moved too quickly! 12.239331699461957,8.789187524437978,9.738179819199559
[24Oct2024 00:09:08.395] [Server thread/WARN] [net.minecraft.server.network.ServerGamePacketListenerImpl/]: Irregular24 moved too quickly! 17.373959838564872,-2.537771367112157,-3.4878282421068434
[24Oct2024 00:09:18.796] [Server thread/WARN] [net.minecraft.server.network.ServerGamePacketListenerImpl/]: Irregular24 moved wrongly!
[24Oct2024 00:09:37.039] [Server thread/WARN] [net.minecraft.server.network.ServerGamePacketListenerImpl/]: Irregular24 moved wrongly!
[24Oct2024 00:09:58.529] [Server thread/WARN] [net.minecraft.world.level.chunk.LevelChunk/]: Tried to load a DUMMY block entity @ BlockPos{x=-116, y=63, z=-1060} but found not block entity block Block{treasure2:skull_and_crossbones}[facing=east] at location
[24Oct2024 00:09:58.531] [Server thread/WARN] [net.minecraft.world.level.chunk.LevelChunk/]: Tried to load a block entity for block Block{treasure2:skull_and_crossbones}[facing=east] but failed at location BlockPos{x=-116, y=63, z=-1060}
[24Oct2024 00:10:00.247] [Server thread/WARN] [net.minecraft.server.network.ServerGamePacketListenerImpl/]: Irregular24 moved too quickly! 12.244901478956237,-2.6416363852584936,12.709375221688788
[24Oct2024 00:10:03.857] [Worker-Main-24/ERROR] [net.minecraft.world.entity.decoration.HangingEntity/]: Hanging entity at invalid position: BlockPos{x=60, y=-53, z=10}
[24Oct2024 00:10:32.343] [Server thread/WARN] [net.minecraft.server.network.ServerGamePacketListenerImpl/]: Irregular24 moved too quickly! 8.443483127878949,13.873466184518918,7.287639582871179
[24Oct2024 00:10:52.899] [Server thread/WARN] [net.minecraft.server.network.ServerGamePacketListenerImpl/]: Irregular24 moved too quickly! 12.307236666558737,-2.5863428380882567,14.256435895601385
[24Oct2024 00:11:00.668] [Server thread/WARN] [net.minecraft.server.network.ServerGamePacketListenerImpl/]: Irregular24 moved too quickly! 12.530680006902628,-2.861935930736607,12.928706624552206
[24Oct2024 00:11:06.025] [Server thread/WARN] [net.minecraft.server.network.ServerGamePacketListenerImpl/]: Irregular24 moved too quickly! 12.611823730811977,-3.3889679252215075,12.138904826962744
[24Oct2024 00:11:13.416] [Server thread/WARN] [net.minecraft.server.network.ServerGamePacketListenerImpl/]: Irregular24 moved wrongly!
